c:\users\user\documents\visual studio 2013\projects\project2\project2\debug\vc120.pdb
c:\users\user\documents\visual studio 2013\projects\project2\project2\debug\vc120.idb
c:\users\user\documents\visual studio 2013\projects\project2\project2\debug\shootergame.obj
c:\users\user\documents\visual studio 2013\projects\project2\project2\debug\ctarget.obj
c:\users\user\documents\visual studio 2013\projects\project2\project2\debug\cbkground.obj
c:\users\user\documents\visual studio 2013\projects\project2\project2\debug\cbullet.obj
c:\users\user\documents\visual studio 2013\projects\project2\project2\debug\cfont.obj
c:\users\user\documents\visual studio 2013\projects\project2\project2\debug\cfontmgr.obj
c:\users\user\documents\visual studio 2013\projects\project2\project2\debug\cinputmgr.obj
c:\users\user\documents\visual studio 2013\projects\project2\project2\debug\csound.obj
c:\users\user\documents\visual studio 2013\projects\project2\project2\debug\csoundmgr.obj
c:\users\user\documents\visual studio 2013\projects\project2\project2\debug\csprite.obj
c:\users\user\documents\visual studio 2013\projects\project2\project2\debug\ctexture.obj
c:\users\user\documents\visual studio 2013\projects\project2\project2\debug\cwndmanager.obj
c:\users\user\documents\visual studio 2013\projects\project2\project2\debug\main.obj
c:\users\user\documents\visual studio 2013\projects\project2\project2\debug\windowogl.obj
c:\users\user\documents\visual studio 2013\projects\project2\project2\debug\cplayer.obj
c:\users\user\documents\visual studio 2013\projects\project2\debug\project2.pdb
c:\users\user\documents\visual studio 2013\projects\project2\project2\debug\project2.tlog\cl.command.1.tlog
c:\users\user\documents\visual studio 2013\projects\project2\project2\debug\project2.tlog\cl.read.1.tlog
c:\users\user\documents\visual studio 2013\projects\project2\project2\debug\project2.tlog\cl.write.1.tlog
c:\users\user\documents\visual studio 2013\projects\project2\project2\debug\project2.tlog\link-cvtres.read.1.tlog
c:\users\user\documents\visual studio 2013\projects\project2\project2\debug\project2.tlog\link-cvtres.write.1.tlog
c:\users\user\documents\visual studio 2013\projects\project2\project2\debug\project2.tlog\link-rc.read.1.tlog
c:\users\user\documents\visual studio 2013\projects\project2\project2\debug\project2.tlog\link-rc.write.1.tlog
c:\users\user\documents\visual studio 2013\projects\project2\project2\debug\project2.tlog\link.command.1.tlog
c:\users\user\documents\visual studio 2013\projects\project2\project2\debug\project2.tlog\link.read.1.tlog
c:\users\user\documents\visual studio 2013\projects\project2\project2\debug\project2.tlog\link.write.1.tlog
